c:\users\user\desktop\project\자료구조\240318\project1\release\vc142.pdb
c:\users\user\desktop\project\자료구조\240318\project1\release\practice1.obj
c:\users\user\desktop\project\자료구조\240320\project1\release\vc142.pdb
c:\users\user\desktop\project\자료구조\240320\project1\release\practice1.obj
c:\users\user\desktop\project\자료구조\240325\project1\release\vc142.pdb
c:\users\user\desktop\project\자료구조\240325\project1\release\practice1.obj
c:\users\user\desktop\project\자료구조\240327\project1\release\vc142.pdb
c:\users\user\desktop\project\자료구조\240327\project1\release\practice1.obj
c:\users\user\desktop\project\자료구조\240318\release\project1.exe
c:\users\user\desktop\project\자료구조\240318\project1\release\project1.ipdb
c:\users\user\desktop\project\자료구조\240318\project1\release\project1.iobj
c:\users\user\desktop\project\자료구조\240318\release\project1.pdb
c:\users\user\desktop\project\자료구조\240320\release\project1.exe
c:\users\user\desktop\project\자료구조\240320\project1\release\project1.ipdb
c:\users\user\desktop\project\자료구조\240320\project1\release\project1.iobj
c:\users\user\desktop\project\자료구조\240320\release\project1.pdb
c:\users\user\desktop\project\자료구조\240325\release\project1.exe
c:\users\user\desktop\project\자료구조\240325\project1\release\project1.ipdb
c:\users\user\desktop\project\자료구조\240325\project1\release\project1.iobj
c:\users\user\desktop\project\자료구조\240325\release\project1.pdb
c:\users\user\desktop\project\자료구조\240327\project1\release\project1.ipdb
c:\users\user\desktop\project\자료구조\240327\project1\release\project1.iobj
c:\users\user\desktop\project\자료구조\240327\release\project1.pdb
c:\users\user\desktop\project\자료구조\240327\project1\release\project1.tlog\cl.command.1.tlog
c:\users\user\desktop\project\자료구조\240327\project1\release\project1.tlog\cl.read.1.tlog
c:\users\user\desktop\project\자료구조\240327\project1\release\project1.tlog\cl.write.1.tlog
c:\users\user\desktop\project\자료구조\240327\project1\release\project1.tlog\link.command.1.tlog
c:\users\user\desktop\project\자료구조\240327\project1\release\project1.tlog\link.read.1.tlog
c:\users\user\desktop\project\자료구조\240327\project1\release\project1.tlog\link.write.1.tlog
